<?xml version="1.0" encoding="UTF-8"?>
<!-- Generated by org.testng.reporters.JUnitReportReporter -->
<testsuite hostname="NIRMAL-RAWAT" failures="0" tests="4" name="Kane.SeleniumJavaFramework.tests.ErrorValidationsTest" time="15.020" errors="0" timestamp="2024-12-04T20:14:00 IST" skipped="0">
  <testcase classname="Kane.SeleniumJavaFramework.tests.ErrorValidationsTest" name="incorrectEmailPasswordErrorValidation" time="2.793"/>
  <testcase classname="Kane.SeleniumJavaFramework.tests.ErrorValidationsTest" name="incorrectEmailPasswordErrorValidation" time="7.147"/>
  <testcase classname="Kane.SeleniumJavaFramework.tests.ErrorValidationsTest" name="incorrectEmailPasswordErrorValidation" time="2.695"/>
  <testcase classname="Kane.SeleniumJavaFramework.tests.ErrorValidationsTest" name="invalidEmailValidation" time="2.385"/>
</testsuite> <!-- Kane.SeleniumJavaFramework.tests.ErrorValidationsTest -->
