<?xml version="1.0" encoding="UTF-8"?>
<!-- Generated by org.testng.reporters.JUnitReportReporter -->
<testsuite hostname="NIRMAL-RAWAT" failures="0" tests="2" name="Kane.SeleniumJavaFramework.tests.ErrorValidationsTest" time="29.670" errors="0" timestamp="2025-02-23T16:33:31 IST" skipped="0">
  <testcase classname="Kane.SeleniumJavaFramework.tests.ErrorValidationsTest" name="incorrectEmailPasswordErrorValidation" time="17.341"/>
  <testcase classname="Kane.SeleniumJavaFramework.tests.ErrorValidationsTest" name="invalidEmailValidation" time="12.329"/>
</testsuite> <!-- Kane.SeleniumJavaFramework.tests.ErrorValidationsTest -->
